<?xml version="1.0" encoding="UTF-8"?>
<testng-results ignored="0" total="2" passed="2" failed="0" skipped="0">
  <reporter-output>
  </reporter-output>
  <suite started-at="2025-09-16T23:56:44 IST" name="Suite" finished-at="2025-09-16T23:56:48 IST" duration-ms="3452">
    <groups>
    </groups>
    <test started-at="2025-09-16T23:56:44 IST" name="Test" finished-at="2025-09-16T23:56:48 IST" duration-ms="3452">
      <class name="testbase.TestScrpts">
        <test-method is-config="true" signature="setup(java.lang.String)[pri:0, instance:testbase.TestScrpts@6a78afa0]" started-at="2025-09-16T23:56:44 IST" name="setup" finished-at="2025-09-16T23:56:47 IST" duration-ms="2195" status="PASS">
          <params>
            <param index="0">
              <value>
                <![CDATA[chrome]]>
              </value>
            </param>
          </params>
          <reporter-output>
          </reporter-output>
        </test-method> <!-- setup -->
        <test-method signature="testLaunchUrl(java.lang.String)[pri:1, instance:testbase.TestScrpts@6a78afa0]" started-at="2025-09-16T23:56:47 IST" name="testLaunchUrl" finished-at="2025-09-16T23:56:47 IST" duration-ms="568" status="PASS">
          <params>
            <param index="0">
              <value>
                <![CDATA[https://www.saucedemo.com/]]>
              </value>
            </param>
          </params>
          <reporter-output>
          </reporter-output>
        </test-method> <!-- testLaunchUrl -->
        <test-method signature="testLogin(java.lang.String,java.lang.String)[pri:2, instance:testbase.TestScrpts@6a78afa0]" started-at="2025-09-16T23:56:47 IST" name="testLogin" data-provider="dp" finished-at="2025-09-16T23:56:48 IST" duration-ms="381" status="PASS">
          <params>
            <param index="0">
              <value>
                <![CDATA[standard_user]]>
              </value>
            </param>
            <param index="1">
              <value>
                <![CDATA[secret_sauce]]>
              </value>
            </param>
          </params>
          <reporter-output>
          </reporter-output>
        </test-method> <!-- testLogin -->
        <test-method is-config="true" signature="tearDown()[pri:0, instance:testbase.TestScrpts@6a78afa0]" started-at="2025-09-16T23:56:48 IST" name="tearDown" finished-at="2025-09-16T23:56:48 IST" duration-ms="247" status="PASS">
          <reporter-output>
          </reporter-output>
        </test-method> <!-- tearDown -->
      </class> <!-- testbase.TestScrpts -->
    </test> <!-- Test -->
  </suite> <!-- Suite -->
</testng-results>
